<?xml version="1.0" encoding="UTF-8"?>
<testsuite xmlns:xsi="http://www.w3.org/2001/XMLSchema-instance" xsi:noNamespaceSchemaLocation="https://maven.apache.org/surefire/maven-surefire-plugin/xsd/surefire-test-report-3.0.xsd" version="3.0" name="TestBoard" time="0.102" tests="8" errors="0" skipped="0" failures="0">
  <properties>
[...]
</properties>
  <testcase name="testFeldMussLeerSein" classname="TestBoard" time="0.043"/>
  <testcase name="testBoardIstNichtVoll" classname="TestBoard" time="0.016"/>
  <testcase name="testSpielstandAktualisiertSichNachZug" classname="TestBoard" time="0.002"/>
  <testcase name="testGueltigerZug" classname="TestBoard" time="0.002"/>
  <testcase name="testPrintZeigtSpielfeldAn" classname="TestBoard" time="0.002"/>
  <testcase name="testUnentschiedenWennBoardVollUndKeinGewinner" classname="TestBoard" time="0.003"/>
  <testcase name="testClearLeertDasSpielfeld" classname="TestBoard" time="0.0"/>
  <testcase name="testInitialBoardIstLeer" classname="TestBoard" time="0.002"/>
</testsuite>